<?xml version="1.0" encoding="UTF-8"?>
<testsuite xmlns:xsi="http://www.w3.org/2001/XMLSchema-instance" xsi:noNamespaceSchemaLocation="https://maven.apache.org/surefire/maven-surefire-plugin/xsd/surefire-test-report.xsd" name="Scenario: Validate all request and responses of open source API" time="0.167" tests="4" errors="0" skipped="3" failures="0">
  <properties>
[...]
</properties>
  <testcase name="Given User is on &quot;https://dog.ceo/dog-api/&quot; webpage" classname="Scenario: Validate all request and responses of open source API" time="0">
    <skipped/>
    <system-out><![CDATA[Feature: API Testing for Open Source Module
]]></system-out>
  </testcase>
  <testcase name="When Title of the page is &quot;Dog API&quot;" classname="Scenario: Validate all request and responses of open source API" time="0">
    <skipped/>
  </testcase>
  <testcase name="Then User will get list of all breeds" classname="Scenario: Validate all request and responses of open source API" time="0">
    <skipped/>
  </testcase>
  <testcase name="Scenario: Validate all request and responses of open source API" classname="Scenario: Validate all request and responses of open source API" time="0.139"/>
</testsuite>